<?xml version="1.0" encoding="UTF-8"?>
<testsuite xmlns:xsi="http://www.w3.org/2001/XMLSchema-instance" xsi:noNamespaceSchemaLocation="https://maven.apache.org/surefire/maven-surefire-plugin/xsd/surefire-test-report.xsd" name="com.wzh.CustomerTest" time="0" tests="4" errors="0" skipped="0" failures="0">
  <properties>
[...]
</properties>
  <testcase name="testStatement" classname="com.wzh.CustomerTest" time="0"/>
  <testcase name="testGetName" classname="com.wzh.CustomerTest" time="0"/>
  <testcase name="testAddRental" classname="com.wzh.CustomerTest" time="0"/>
  <testcase name="testSet_name" classname="com.wzh.CustomerTest" time="0"/>
</testsuite>